c:\users\student\documents\visual studio 2015\projects\3d制作_基礎\001_3d_base_xファイルの利用\debug\vc140.pdb
c:\users\student\documents\visual studio 2015\projects\3d制作_基礎\001_3d_base_xファイルの利用\debug\vc140.idb
c:\users\student\documents\visual studio 2015\projects\3d制作_基礎\001_3d_base_xファイルの利用\debug\input.obj
c:\users\student\documents\visual studio 2015\projects\3d制作_基礎\001_3d_base_xファイルの利用\debug\light.obj
c:\users\student\documents\visual studio 2015\projects\3d制作_基礎\001_3d_base_xファイルの利用\debug\main.obj
c:\users\student\documents\visual studio 2015\projects\3d制作_基礎\001_3d_base_xファイルの利用\debug\model.obj
c:\users\student\documents\visual studio 2015\projects\3d制作_基礎\001_3d_base_xファイルの利用\debug\polygon.obj
c:\users\student\documents\visual studio 2015\projects\3d制作_基礎\001_3d_base_xファイルの利用\debug\test.obj
c:\users\student\documents\visual studio 2015\projects\3d制作_基礎\001_3d_base_xファイルの利用\debug\camera.obj
c:\users\student\documents\visual studio 2015\projects\3d制作_基礎\001_3d_base_xファイルの利用\debug\option.obj
c:\users\student\documents\visual studio 2015\projects\3d制作_基礎\002_1111\debug\vc140.pdb
c:\users\student\documents\visual studio 2015\projects\3d制作_基礎\002_1111\debug\vc140.idb
c:\users\student\documents\visual studio 2015\projects\3d制作_基礎\002_1111\debug\camera.obj
c:\users\student\documents\visual studio 2015\projects\3d制作_基礎\002_1111\debug\input.obj
c:\users\student\documents\visual studio 2015\projects\3d制作_基礎\002_1111\debug\light.obj
c:\users\student\documents\visual studio 2015\projects\3d制作_基礎\002_1111\debug\main.obj
c:\users\student\documents\visual studio 2015\projects\3d制作_基礎\002_1111\debug\model.obj
c:\users\student\documents\visual studio 2015\projects\3d制作_基礎\002_1111\debug\option.obj
c:\users\student\documents\visual studio 2015\projects\3d制作_基礎\002_1111\debug\polygon.obj
c:\users\student\documents\visual studio 2015\projects\3d制作_基礎\002_1111\debug\test.obj
c:\users\student\documents\visual studio 2015\projects\3d制作_基礎\002_1111\debug\shadow.obj
c:\users\student\documents\visual studio 2015\projects\3d制作_基礎\002_1111\debug\texture.obj
c:\users\student\documents\visual studio 2015\projects\3d制作_基礎\002_1111\debug\wall.obj
c:\users\student\documents\visual studio 2015\projects\3d制作_基礎\001_3d_base_xファイルの利用\debug\3d_base.ilk
c:\users\student\documents\visual studio 2015\projects\3d制作_基礎\001_3d_base_xファイルの利用\debug\3d_base.exe
c:\users\student\documents\visual studio 2015\projects\3d制作_基礎\001_3d_base_xファイルの利用\debug\3d_base.pdb
c:\users\student\documents\visual studio 2015\projects\3d制作_基礎\002_1111\debug\3d_base.ilk
c:\users\student\documents\visual studio 2015\projects\3d制作_基礎\002_1111\debug\3d_base.exe
c:\users\student\documents\visual studio 2015\projects\3d制作_基礎\002_1111\debug\3d_base.pdb
c:\users\student\documents\visual studio 2015\projects\3d制作_基礎\002_1111\debug\3d_base.tlog\cl.command.1.tlog
c:\users\student\documents\visual studio 2015\projects\3d制作_基礎\002_1111\debug\3d_base.tlog\cl.read.1.tlog
c:\users\student\documents\visual studio 2015\projects\3d制作_基礎\002_1111\debug\3d_base.tlog\cl.write.1.tlog
c:\users\student\documents\visual studio 2015\projects\3d制作_基礎\002_1111\debug\3d_base.tlog\link.command.1.tlog
c:\users\student\documents\visual studio 2015\projects\3d制作_基礎\002_1111\debug\3d_base.tlog\link.read.1.tlog
c:\users\student\documents\visual studio 2015\projects\3d制作_基礎\002_1111\debug\3d_base.tlog\link.write.1.tlog
